2022-09-26 23:20:06,237 [Worker-4: Loading available Gradle versions] INFO  o.e.b.c.i.u.g.PublishedGradleVersions - Gradle version information cache is up-to-date. Trying to read.
2022-09-26 23:26:03,795 [Worker-18: Building] INFO  o.e.m.c.i.l.LifecycleMappingFactory - Using org.eclipse.m2e.jdt.JarLifecycleMapping lifecycle mapping for MavenProject: com.criando:auxiliador:0.0.1-SNAPSHOT @ /home/brinfo-linux/Área de Trabalho/Admin-Auxiliador/backend/auxiliador/pom.xml.
2022-09-26 23:26:18,798 [Worker-18: Building] INFO  o.e.m.c.i.embedder.EclipseLogger - Using 'UTF-8' encoding to copy filtered resources.
2022-09-26 23:26:18,799 [Worker-18: Building] INFO  o.e.m.c.i.embedder.EclipseLogger - Using 'UTF-8' encoding to copy filtered properties files.
2022-09-26 23:26:18,989 [Worker-18: Building] INFO  o.e.m.c.i.embedder.EclipseLogger - Copying 1 resource
2022-09-26 23:26:19,297 [Worker-18: Building] INFO  o.e.m.c.i.embedder.EclipseLogger - Copying 0 resource
2022-09-26 23:26:19,386 [Worker-18: Building] INFO  o.e.m.c.i.embedder.EclipseLogger - Using 'UTF-8' encoding to copy filtered resources.
2022-09-26 23:26:19,387 [Worker-18: Building] INFO  o.e.m.c.i.embedder.EclipseLogger - Using 'UTF-8' encoding to copy filtered properties files.
2022-09-26 23:26:19,387 [Worker-18: Building] INFO  o.e.m.c.i.embedder.EclipseLogger - skip non existing resourceDirectory /home/brinfo-linux/Área de Trabalho/Admin-Auxiliador/backend/auxiliador/src/test/resources
2022-09-26 23:26:23,583 [Worker-17: Building] INFO  o.e.m.c.i.embedder.EclipseLogger - Using 'UTF-8' encoding to copy filtered resources.
2022-09-26 23:26:23,584 [Worker-17: Building] INFO  o.e.m.c.i.embedder.EclipseLogger - Using 'UTF-8' encoding to copy filtered properties files.
2022-09-26 23:26:23,634 [Worker-17: Building] INFO  o.e.m.c.i.embedder.EclipseLogger - Copying 1 resource
2022-09-26 23:26:23,665 [Worker-17: Building] INFO  o.e.m.c.i.embedder.EclipseLogger - Copying 0 resource
2022-09-26 23:26:23,690 [Worker-17: Building] INFO  o.e.m.c.i.embedder.EclipseLogger - Using 'UTF-8' encoding to copy filtered resources.
2022-09-26 23:26:23,702 [Worker-17: Building] INFO  o.e.m.c.i.embedder.EclipseLogger - Using 'UTF-8' encoding to copy filtered properties files.
2022-09-26 23:26:23,708 [Worker-17: Building] INFO  o.e.m.c.i.embedder.EclipseLogger - skip non existing resourceDirectory /home/brinfo-linux/Área de Trabalho/Admin-Auxiliador/backend/auxiliador/src/test/resources
2022-09-27 20:25:54,164 [Worker-2: Loading available Gradle versions] INFO  o.e.b.c.i.u.g.PublishedGradleVersions - Gradle version information cache is up-to-date. Trying to read.
2022-09-27 23:37:53,934 [Worker-16: Launching AuxiliadorApplication] INFO  o.e.m.c.i.embedder.EclipseLogger - Using 'UTF-8' encoding to copy filtered resources.
2022-09-27 23:37:54,032 [Worker-16: Launching AuxiliadorApplication] INFO  o.e.m.c.i.embedder.EclipseLogger - Using 'UTF-8' encoding to copy filtered properties files.
2022-09-27 23:37:54,075 [Worker-16: Launching AuxiliadorApplication] INFO  o.e.m.c.i.embedder.EclipseLogger - Copying 1 resource
2022-09-27 23:37:54,306 [Worker-16: Launching AuxiliadorApplication] INFO  o.e.m.c.i.embedder.EclipseLogger - Copying 0 resource
2022-09-27 23:37:54,376 [Worker-16: Launching AuxiliadorApplication] INFO  o.e.m.c.i.embedder.EclipseLogger - Using 'UTF-8' encoding to copy filtered resources.
2022-09-27 23:37:54,377 [Worker-16: Launching AuxiliadorApplication] INFO  o.e.m.c.i.embedder.EclipseLogger - Using 'UTF-8' encoding to copy filtered properties files.
2022-09-27 23:37:54,377 [Worker-16: Launching AuxiliadorApplication] INFO  o.e.m.c.i.embedder.EclipseLogger - skip non existing resourceDirectory /home/brinfo-linux/Área de Trabalho/Admin-Auxiliador/backend/auxiliador/src/test/resources
2022-09-29 15:43:59,878 [Worker-1: Loading available Gradle versions] INFO  o.e.b.c.i.u.g.PublishedGradleVersions - Gradle version information cache is out-of-date. Trying to update.
